<?xml version="1.0" encoding="UTF-8"?>
<!-- Generated by org.testng.reporters.JUnitXMLReporter -->
<testsuite hostname="DESKTOP-9APHSBC" ignored="0" name="Global_mart smoketest " tests="2" failures="2" timestamp="14 Mar 2019 15:41:32 GMT" time="37.695" errors="0">
  <testcase name="clickOnJustinDropDown" time="0.168" classname="com.global_mart.smoketest.HomePageTest">
    <failure type="java.lang.NullPointerException">
      <![CDATA[java.lang.NullPointerException
at com.global_mart.smoketest.HomePageTest.clickOnJustinDropDown(HomePageTest.java:16)
... Removed 25 stack frames]]>
    </failure>
  </testcase> <!-- clickOnJustinDropDown -->
  <testcase name="clickOnJustinWomenTest" time="1.566" classname="com.global_mart.smoketest.HomePageTest">
    <failure type="java.util.NoSuchElementException" message="is ot displayed">
      <![CDATA[java.util.NoSuchElementException: is ot displayed
at com.globalmart.genericpages.GenericMethods.click(GenericMethods.java:42)
at com.globalmart.genericpages.ApplicationGenericMethods.click(ApplicationGenericMethods.java:16)
at com.globalmart.objectrepository.HomePage.clickOnJustIn_Women(HomePage.java:54)
at com.global_mart.smoketest.HomePageTest.clickOnJustinWomenTest(HomePageTest.java:22)
... Removed 25 stack frames]]>
    </failure>
  </testcase> <!-- clickOnJustinWomenTest -->
</testsuite> <!-- Global_mart smoketest  -->
